<?xml version="1.0" encoding="UTF-8"?>
<!-- Generated by org.testng.reporters.JUnitReportReporter -->
<testsuite skipped="0" hostname="XXX-Vishnu-PC" name="com.testcases.NewTest3" tests="1" failures="0" timestamp="10 Jan 2017 18:23:34 GMT" time="7.151" errors="0">
  <testcase name="f" time="7.151" classname="com.testcases.NewTest3"/>
</testsuite> <!-- com.testcases.NewTest3 -->
