<?xml version="1.0" encoding="UTF-8"?>
<!-- Generated by org.testng.reporters.JUnitReportReporter -->
<testsuite skipped="0" hostname="XXX-Vishnu-PC" name="com.testcases.NewTest" tests="1" failures="0" timestamp="25 Dec 2016 07:49:57 GMT" time="15.984" errors="0">
  <testcase name="f" time="15.984" classname="com.testcases.NewTest"/>
</testsuite> <!-- com.testcases.NewTest -->
