<?xml version="1.0" encoding="UTF-8"?>
<!-- Generated by org.testng.reporters.JUnitReportReporter -->
<testsuite skipped="0" hostname="XXX-Vishnu-PC" name="com.testcases.NewTest2$NewTest3" tests="1" failures="0" timestamp="10 Jan 2017 18:06:51 GMT" time="16.563" errors="0">
  <testcase name="f" time="16.563" classname="com.testcases.NewTest2$NewTest3"/>
</testsuite> <!-- com.testcases.NewTest2$NewTest3 -->
