<?xml version="1.0" encoding="UTF-8"?>
<!-- Generated by org.testng.reporters.JUnitReportReporter -->
<testsuite hostname="IN-00224998" failures="0" tests="1"
	name="com.learning.Test1" time="5.354" errors="0"
	timestamp="2020-03-04T15:01:14 IST" skipped="0">
	<testcase classname="com.learning.Test1" name="f" time="5.354" />
</testsuite> <!-- com.learning.Test1 -->
