<?xml version="1.0" encoding="UTF-8"?>
<!-- Generated by org.testng.reporters.JUnitReportReporter -->
<testsuite hostname="IN-00224998" failures="0" tests="1"
	name="com.learning.Test2" time="29.061" errors="0"
	timestamp="2020-06-22T13:15:10 IST" skipped="0">
	<testcase classname="com.learning.Test2" name="f"
		time="29.061" />
</testsuite> <!-- com.learning.Test2 -->
